<?xml version="1.0" encoding="UTF-8"?><testrun name="TestRunner" project="BBDFramework" tests="1" started="1" failures="0" errors="1" ignored="0">
  <testsuite name="Runner.TestRunner" time="0.036">
    <testcase name="initializationError" classname="Runner.TestRunner" time="0.036">
      <error>cucumber.runtime.CucumberException: Couldn't load plugin class: html.test-outout&#13;
	at cucumber.runtime.formatter.PluginFactory.loadClass(PluginFactory.java:175)&#13;
	at cucumber.runtime.formatter.PluginFactory.pluginClass(PluginFactory.java:165)&#13;
	at cucumber.runtime.formatter.PluginFactory.getPluginClass(PluginFactory.java:226)&#13;
	at cucumber.runtime.formatter.PluginFactory.isFormatterName(PluginFactory.java:195)&#13;
	at cucumber.runtime.RuntimeOptionsFactory.addPlugins(RuntimeOptionsFactory.java:90)&#13;
	at cucumber.runtime.RuntimeOptionsFactory.buildArgsFromOptions(RuntimeOptionsFactory.java:37)&#13;
	at cucumber.runtime.RuntimeOptionsFactory.create(RuntimeOptionsFactory.java:24)&#13;
	at cucumber.api.junit.Cucumber.&lt;init&gt;(Cucumber.java:56)&#13;
	at sun.reflect.NativeConstructorAccessorImpl.newInstance0(Native Method)&#13;
	at sun.reflect.NativeConstructorAccessorImpl.newInstance(Unknown Source)&#13;
	at sun.reflect.DelegatingConstructorAccessorImpl.newInstance(Unknown Source)&#13;
	at java.lang.reflect.Constructor.newInstance(Unknown Source)&#13;
	at org.junit.internal.builders.AnnotatedBuilder.buildRunner(AnnotatedBuilder.java:104)&#13;
	at org.junit.internal.builders.AnnotatedBuilder.runnerForClass(AnnotatedBuilder.java:86)&#13;
	at org.junit.runners.model.RunnerBuilder.safeRunnerForClass(RunnerBuilder.java:59)&#13;
	at org.junit.internal.builders.AllDefaultPossibilitiesBuilder.runnerForClass(AllDefaultPossibilitiesBuilder.java:26)&#13;
	at org.junit.runners.model.RunnerBuilder.safeRunnerForClass(RunnerBuilder.java:59)&#13;
	at org.junit.internal.requests.ClassRequest.getRunner(ClassRequest.java:33)&#13;
	at org.eclipse.jdt.internal.junit4.runner.JUnit4TestLoader.createUnfilteredTest(JUnit4TestLoader.java:87)&#13;
	at org.eclipse.jdt.internal.junit4.runner.JUnit4TestLoader.createTest(JUnit4TestLoader.java:73)&#13;
	at org.eclipse.jdt.internal.junit4.runner.JUnit4TestLoader.loadTests(JUnit4TestLoader.java:46)&#13;
	at org.eclipse.jdt.internal.junit.runner.RemoteTestRunner.runTests(RemoteTestRunner.java:522)&#13;
	at org.eclipse.jdt.internal.junit.runner.RemoteTestRunner.runTests(RemoteTestRunner.java:760)&#13;
	at org.eclipse.jdt.internal.junit.runner.RemoteTestRunner.run(RemoteTestRunner.java:460)&#13;
	at org.eclipse.jdt.internal.junit.runner.RemoteTestRunner.main(RemoteTestRunner.java:206)&#13;
Caused by: java.lang.ClassNotFoundException: html.test-outout&#13;
	at java.net.URLClassLoader.findClass(Unknown Source)&#13;
	at java.lang.ClassLoader.loadClass(Unknown Source)&#13;
	at sun.misc.Launcher$AppClassLoader.loadClass(Unknown Source)&#13;
	at java.lang.ClassLoader.loadClass(Unknown Source)&#13;
	at cucumber.runtime.formatter.PluginFactory.loadClass(PluginFactory.java:173)&#13;
	... 24 more&#13;
&#13;
</error>
    </testcase>
  </testsuite>
</testrun>
